# JRE version: Java(TM) SE Runtime Environment (8.0_66-b18) (build 1.8.0_66-b18)
# Java VM: Java HotSpot(TM) 64-Bit Server VM (25.66-b18 mixed mode windows-amd64 compressed oops)
Heap:
 PSYoungGen      total 108032K, used 48492K [0x00000000f5580000, 0x00000000fc000000, 0x0000000100000000)
  eden space 107008K, 45% used [0x00000000f5580000,0x00000000f84db1b8,0x00000000fbe00000)
  from space 1024K, 0% used [0x00000000fbf00000,0x00000000fbf00000,0x00000000fc000000)
  to   space 1024K, 0% used [0x00000000fbe00000,0x00000000fbe00000,0x00000000fbf00000)
 ParOldGen       total 84480K, used 53693K [0x00000000e0000000, 0x00000000e5280000, 0x00000000f5580000)
  object space 84480K, 63% used [0x00000000e0000000,0x00000000e346f4d8,0x00000000e5280000)
 Metaspace       used 92882K, capacity 100076K, committed 100376K, reserved 1136640K
  class space    used 11073K, capacity 13503K, committed 13616K, reserved 1048576K
GC Heap History (10 events):
Event: 4838.865 GC heap before
{Heap before GC invocations=183 (full 81):
 PSYoungGen      total 108032K, used 480K [0x00000000f5580000, 0x00000000fc000000, 0x0000000100000000)
  eden space 107008K, 0% used [0x00000000f5580000,0x00000000f5580000,0x00000000fbe00000)
  from space 1024K, 46% used [0x00000000fbf00000,0x00000000fbf78000,0x00000000fc000000)
  to   space 1024K, 0% used [0x00000000fbe00000,0x00000000fbe00000,0x00000000fbf00000)
 ParOldGen       total 84480K, used 53641K [0x00000000e0000000, 0x00000000e5280000, 0x00000000f5580000)
  object space 84480K, 63% used [0x00000000e0000000,0x00000000e34626e8,0x00000000e5280000)
 Metaspace       used 92091K, capacity 99538K, committed 99992K, reserved 1136640K
  class space    used 10997K, capacity 13372K, committed 13488K, reserved 1048576K
Event: 4838.991 GC heap after
Heap after GC invocations=183 (full 81):
 PSYoungGen      total 108032K, used 0K [0x00000000f5580000, 0x00000000fc000000, 0x0000000100000000)
  eden space 107008K, 0% used [0x00000000f5580000,0x00000000f5580000,0x00000000fbe00000)
  from space 1024K, 0% used [0x00000000fbf00000,0x00000000fbf00000,0x00000000fc000000)
  to   space 1024K, 0% used [0x00000000fbe00000,0x00000000fbe00000,0x00000000fbf00000)
 ParOldGen       total 84480K, used 53828K [0x00000000e0000000, 0x00000000e5280000, 0x00000000f5580000)
  object space 84480K, 63% used [0x00000000e0000000,0x00000000e34911a0,0x00000000e5280000)
 Metaspace       used 92091K, capacity 99538K, committed 99992K, reserved 1136640K
  class space    used 10997K, capacity 13372K, committed 13488K, reserved 1048576K
}
Event: 4898.870 GC heap before
{Heap before GC invocations=184 (full 81):
 PSYoungGen      total 108032K, used 14532K [0x00000000f5580000, 0x00000000fc000000, 0x0000000100000000)
  eden space 107008K, 13% used [0x00000000f5580000,0x00000000f63b1298,0x00000000fbe00000)
  from space 1024K, 0% used [0x00000000fbf00000,0x00000000fbf00000,0x00000000fc000000)
  to   space 1024K, 0% used [0x00000000fbe00000,0x00000000fbe00000,0x00000000fbf00000)
 ParOldGen       total 84480K, used 53828K [0x00000000e0000000, 0x00000000e5280000, 0x00000000f5580000)
  object space 84480K, 63% used [0x00000000e0000000,0x00000000e34911a0,0x00000000e5280000)
 Metaspace       used 92120K, capacity 99538K, committed 99992K, reserved 1136640K
  class space    used 10998K, capacity 13372K, committed 13488K, reserved 1048576K
Event: 4898.874 GC heap after
Heap after GC invocations=184 (full 81):
 PSYoungGen      total 108032K, used 272K [0x00000000f5580000, 0x00000000fc000000, 0x0000000100000000)
  eden space 107008K, 0% used [0x00000000f5580000,0x00000000f5580000,0x00000000fbe00000)
  from space 1024K, 26% used [0x00000000fbe00000,0x00000000fbe44010,0x00000000fbf00000)
  to   space 1024K, 0% used [0x00000000fbf00000,0x00000000fbf00000,0x00000000fc000000)
 ParOldGen       total 84480K, used 53828K [0x00000000e0000000, 0x00000000e5280000, 0x00000000f5580000)
  object space 84480K, 63% used [0x00000000e0000000,0x00000000e34911a0,0x00000000e5280000)
 Metaspace       used 92120K, capacity 99538K, committed 99992K, reserved 1136640K
  class space    used 10998K, capacity 13372K, committed 13488K, reserved 1048576K
}
Event: 4898.874 GC heap before
{Heap before GC invocations=185 (full 82):
 PSYoungGen      total 108032K, used 272K [0x00000000f5580000, 0x00000000fc000000, 0x0000000100000000)
  eden space 107008K, 0% used [0x00000000f5580000,0x00000000f5580000,0x00000000fbe00000)
  from space 1024K, 26% used [0x00000000fbe00000,0x00000000fbe44010,0x00000000fbf00000)
  to   space 1024K, 0% used [0x00000000fbf00000,0x00000000fbf00000,0x00000000fc000000)
 ParOldGen       total 84480K, used 53828K [0x00000000e0000000, 0x00000000e5280000, 0x00000000f5580000)
  object space 84480K, 63% used [0x00000000e0000000,0x00000000e34911a0,0x00000000e5280000)
 Metaspace       used 92120K, capacity 99538K, committed 99992K, reserved 1136640K
  class space    used 10998K, capacity 13372K, committed 13488K, reserved 1048576K
Event: 4899.161 GC heap after
Heap after GC invocations=185 (full 82):
 PSYoungGen      total 108032K, used 0K [0x00000000f5580000, 0x00000000fc000000, 0x0000000100000000)
  eden space 107008K, 0% used [0x00000000f5580000,0x00000000f5580000,0x00000000fbe00000)
  from space 1024K, 0% used [0x00000000fbe00000,0x00000000fbe00000,0x00000000fbf00000)
  to   space 1024K, 0% used [0x00000000fbf00000,0x00000000fbf00000,0x00000000fc000000)
 ParOldGen       total 84480K, used 53705K [0x00000000e0000000, 0x00000000e5280000, 0x00000000f5580000)
  object space 84480K, 63% used [0x00000000e0000000,0x00000000e3472468,0x00000000e5280000)
 Metaspace       used 92120K, capacity 99538K, committed 99992K, reserved 1136640K
  class space    used 10998K, capacity 13372K, committed 13488K, reserved 1048576K
}
Event: 4958.882 GC heap before
{Heap before GC invocations=186 (full 82):
 PSYoungGen      total 108032K, used 2284K [0x00000000f5580000, 0x00000000fc000000, 0x0000000100000000)
  eden space 107008K, 2% used [0x00000000f5580000,0x00000000f57bb140,0x00000000fbe00000)
  from space 1024K, 0% used [0x00000000fbe00000,0x00000000fbe00000,0x00000000fbf00000)
  to   space 1024K, 0% used [0x00000000fbf00000,0x00000000fbf00000,0x00000000fc000000)
 ParOldGen       total 84480K, used 53705K [0x00000000e0000000, 0x00000000e5280000, 0x00000000f5580000)
  object space 84480K, 63% used [0x00000000e0000000,0x00000000e3472468,0x00000000e5280000)
 Metaspace       used 92121K, capacity 99538K, committed 99992K, reserved 1136640K
  class space    used 10998K, capacity 13372K, committed 13488K, reserved 1048576K
Event: 4958.885 GC heap after
Heap after GC invocations=186 (full 82):
 PSYoungGen      total 108032K, used 160K [0x00000000f5580000, 0x00000000fc000000, 0x0000000100000000)
  eden space 107008K, 0% used [0x00000000f5580000,0x00000000f5580000,0x00000000fbe00000)
  from space 1024K, 15% used [0x00000000fbf00000,0x00000000fbf28000,0x00000000fc000000)
  to   space 1024K, 0% used [0x00000000fbe00000,0x00000000fbe00000,0x00000000fbf00000)
 ParOldGen       total 84480K, used 53705K [0x00000000e0000000, 0x00000000e5280000, 0x00000000f5580000)
  object space 84480K, 63% used [0x00000000e0000000,0x00000000e3472468,0x00000000e5280000)
 Metaspace       used 92121K, capacity 99538K, committed 99992K, reserved 1136640K
  class space    used 10998K, capacity 13372K, committed 13488K, reserved 1048576K
}
Event: 4958.885 GC heap before
{Heap before GC invocations=187 (full 83):
 PSYoungGen      total 108032K, used 160K [0x00000000f5580000, 0x00000000fc000000, 0x0000000100000000)
  eden space 107008K, 0% used [0x00000000f5580000,0x00000000f5580000,0x00000000fbe00000)
  from space 1024K, 15% used [0x00000000fbf00000,0x00000000fbf28000,0x00000000fc000000)
  to   space 1024K, 0% used [0x00000000fbe00000,0x00000000fbe00000,0x00000000fbf00000)
 ParOldGen       total 84480K, used 53705K [0x00000000e0000000, 0x00000000e5280000, 0x00000000f5580000)
  object space 84480K, 63% used [0x00000000e0000000,0x00000000e3472468,0x00000000e5280000)
 Metaspace       used 92121K, capacity 99538K, committed 99992K, reserved 1136640K
  class space    used 10998K, capacity 13372K, committed 13488K, reserved 1048576K
Event: 4959.017 GC heap after
Heap after GC invocations=187 (full 83):
 PSYoungGen      total 108032K, used 0K [0x00000000f5580000, 0x00000000fc000000, 0x0000000100000000)
  eden space 107008K, 0% used [0x00000000f5580000,0x00000000f5580000,0x00000000fbe00000)
  from space 1024K, 0% used [0x00000000fbf00000,0x00000000fbf00000,0x00000000fc000000)
  to   space 1024K, 0% used [0x00000000fbe00000,0x00000000fbe00000,0x00000000fbf00000)
 ParOldGen       total 84480K, used 53693K [0x00000000e0000000, 0x00000000e5280000, 0x00000000f5580000)
  object space 84480K, 63% used [0x00000000e0000000,0x00000000e346f4d8,0x00000000e5280000)
 Metaspace       used 92121K, capacity 99538K, committed 99992K, reserved 1136640K
  class space    used 10998K, capacity 13372K, committed 13488K, reserved 1048576K
}

