# JRE version: Java(TM) SE Runtime Environment (8.0_66-b18) (build 1.8.0_66-b18)
# Java VM: Java HotSpot(TM) 64-Bit Server VM (25.66-b18 mixed mode windows-amd64 compressed oops)
Heap:
 PSYoungGen      total 112128K, used 35884K [0x00000000f5580000, 0x00000000fda00000, 0x0000000100000000)
  eden space 89600K, 35% used [0x00000000f5580000,0x00000000f74e74a0,0x00000000fad00000)
  from space 22528K, 16% used [0x00000000fad00000,0x00000000fb0a3d38,0x00000000fc300000)
  to   space 22016K, 0% used [0x00000000fc480000,0x00000000fc480000,0x00000000fda00000)
 ParOldGen       total 121344K, used 61878K [0x00000000e0000000, 0x00000000e7680000, 0x00000000f5580000)
  object space 121344K, 50% used [0x00000000e0000000,0x00000000e3c6d9d8,0x00000000e7680000)
 Metaspace       used 92369K, capacity 99914K, committed 100312K, reserved 1136640K
  class space    used 11049K, capacity 13452K, committed 13568K, reserved 1048576K
GC Heap History (10 events):
Event: 573.950 GC heap before
{Heap before GC invocations=25 (full 5):
 PSYoungGen      total 101376K, used 87040K [0x00000000f5580000, 0x00000000fd680000, 0x0000000100000000)
  eden space 87040K, 100% used [0x00000000f5580000,0x00000000faa80000,0x00000000faa80000)
  from space 14336K, 0% used [0x00000000faa80000,0x00000000faa80000,0x00000000fb880000)
  to   space 22528K, 0% used [0x00000000fc080000,0x00000000fc080000,0x00000000fd680000)
 ParOldGen       total 121344K, used 55531K [0x00000000e0000000, 0x00000000e7680000, 0x00000000f5580000)
  object space 121344K, 45% used [0x00000000e0000000,0x00000000e363ae38,0x00000000e7680000)
 Metaspace       used 88825K, capacity 95832K, committed 96088K, reserved 1132544K
  class space    used 10666K, capacity 12868K, committed 12928K, reserved 1048576K
Event: 573.960 GC heap after
Heap after GC invocations=25 (full 5):
 PSYoungGen      total 109568K, used 7319K [0x00000000f5580000, 0x00000000fd980000, 0x0000000100000000)
  eden space 87040K, 0% used [0x00000000f5580000,0x00000000f5580000,0x00000000faa80000)
  from space 22528K, 32% used [0x00000000fc080000,0x00000000fc7a5f80,0x00000000fd680000)
  to   space 22528K, 0% used [0x00000000faa80000,0x00000000faa80000,0x00000000fc080000)
 ParOldGen       total 121344K, used 55531K [0x00000000e0000000, 0x00000000e7680000, 0x00000000f5580000)
  object space 121344K, 45% used [0x00000000e0000000,0x00000000e363ae38,0x00000000e7680000)
 Metaspace       used 88825K, capacity 95832K, committed 96088K, reserved 1132544K
  class space    used 10666K, capacity 12868K, committed 12928K, reserved 1048576K
}
Event: 604.359 GC heap before
{Heap before GC invocations=26 (full 5):
 PSYoungGen      total 109568K, used 67904K [0x00000000f5580000, 0x00000000fd980000, 0x0000000100000000)
  eden space 87040K, 69% used [0x00000000f5580000,0x00000000f90aa340,0x00000000faa80000)
  from space 22528K, 32% used [0x00000000fc080000,0x00000000fc7a5f80,0x00000000fd680000)
  to   space 22528K, 0% used [0x00000000faa80000,0x00000000faa80000,0x00000000fc080000)
 ParOldGen       total 121344K, used 55531K [0x00000000e0000000, 0x00000000e7680000, 0x00000000f5580000)
  object space 121344K, 45% used [0x00000000e0000000,0x00000000e363ae38,0x00000000e7680000)
 Metaspace       used 90696K, capacity 97898K, committed 98008K, reserved 1134592K
  class space    used 10916K, capacity 13216K, committed 13312K, reserved 1048576K
Event: 604.370 GC heap after
Heap after GC invocations=26 (full 5):
 PSYoungGen      total 109568K, used 9161K [0x00000000f5580000, 0x00000000fd880000, 0x0000000100000000)
  eden space 87040K, 0% used [0x00000000f5580000,0x00000000f5580000,0x00000000faa80000)
  from space 22528K, 40% used [0x00000000faa80000,0x00000000fb372790,0x00000000fc080000)
  to   space 22016K, 0% used [0x00000000fc300000,0x00000000fc300000,0x00000000fd880000)
 ParOldGen       total 121344K, used 55539K [0x00000000e0000000, 0x00000000e7680000, 0x00000000f5580000)
  object space 121344K, 45% used [0x00000000e0000000,0x00000000e363ce38,0x00000000e7680000)
 Metaspace       used 90696K, capacity 97898K, committed 98008K, reserved 1134592K
  class space    used 10916K, capacity 13216K, committed 13312K, reserved 1048576K
}
Event: 604.370 GC heap before
{Heap before GC invocations=27 (full 6):
 PSYoungGen      total 109568K, used 9161K [0x00000000f5580000, 0x00000000fd880000, 0x0000000100000000)
  eden space 87040K, 0% used [0x00000000f5580000,0x00000000f5580000,0x00000000faa80000)
  from space 22528K, 40% used [0x00000000faa80000,0x00000000fb372790,0x00000000fc080000)
  to   space 22016K, 0% used [0x00000000fc300000,0x00000000fc300000,0x00000000fd880000)
 ParOldGen       total 121344K, used 55539K [0x00000000e0000000, 0x00000000e7680000, 0x00000000f5580000)
  object space 121344K, 45% used [0x00000000e0000000,0x00000000e363ce38,0x00000000e7680000)
 Metaspace       used 90696K, capacity 97898K, committed 98008K, reserved 1134592K
  class space    used 10916K, capacity 13216K, committed 13312K, reserved 1048576K
Event: 604.802 GC heap after
Heap after GC invocations=27 (full 6):
 PSYoungGen      total 109568K, used 0K [0x00000000f5580000, 0x00000000fd880000, 0x0000000100000000)
  eden space 87040K, 0% used [0x00000000f5580000,0x00000000f5580000,0x00000000faa80000)
  from space 22528K, 0% used [0x00000000faa80000,0x00000000faa80000,0x00000000fc080000)
  to   space 22016K, 0% used [0x00000000fc300000,0x00000000fc300000,0x00000000fd880000)
 ParOldGen       total 121344K, used 61862K [0x00000000e0000000, 0x00000000e7680000, 0x00000000f5580000)
  object space 121344K, 50% used [0x00000000e0000000,0x00000000e3c699d8,0x00000000e7680000)
 Metaspace       used 90696K, capacity 97898K, committed 98008K, reserved 1134592K
  class space    used 10916K, capacity 13216K, committed 13312K, reserved 1048576K
}
Event: 631.857 GC heap before
{Heap before GC invocations=28 (full 6):
 PSYoungGen      total 109568K, used 87040K [0x00000000f5580000, 0x00000000fd880000, 0x0000000100000000)
  eden space 87040K, 100% used [0x00000000f5580000,0x00000000faa80000,0x00000000faa80000)
  from space 22528K, 0% used [0x00000000faa80000,0x00000000faa80000,0x00000000fc080000)
  to   space 22016K, 0% used [0x00000000fc300000,0x00000000fc300000,0x00000000fd880000)
 ParOldGen       total 121344K, used 61862K [0x00000000e0000000, 0x00000000e7680000, 0x00000000f5580000)
  object space 121344K, 50% used [0x00000000e0000000,0x00000000e3c699d8,0x00000000e7680000)
 Metaspace       used 91247K, capacity 98512K, committed 98776K, reserved 1134592K
  class space    used 10964K, capacity 13249K, committed 13312K, reserved 1048576K
Event: 631.873 GC heap after
Heap after GC invocations=28 (full 6):
 PSYoungGen      total 111616K, used 2551K [0x00000000f5580000, 0x00000000fd900000, 0x0000000100000000)
  eden space 89600K, 0% used [0x00000000f5580000,0x00000000f5580000,0x00000000fad00000)
  from space 22016K, 11% used [0x00000000fc300000,0x00000000fc57dc70,0x00000000fd880000)
  to   space 22528K, 0% used [0x00000000fad00000,0x00000000fad00000,0x00000000fc300000)
 ParOldGen       total 121344K, used 61870K [0x00000000e0000000, 0x00000000e7680000, 0x00000000f5580000)
  object space 121344K, 50% used [0x00000000e0000000,0x00000000e3c6b9d8,0x00000000e7680000)
 Metaspace       used 91247K, capacity 98512K, committed 98776K, reserved 1134592K
  class space    used 10964K, capacity 13249K, committed 13312K, reserved 1048576K
}
Event: 658.662 GC heap before
{Heap before GC invocations=29 (full 6):
 PSYoungGen      total 111616K, used 92151K [0x00000000f5580000, 0x00000000fd900000, 0x0000000100000000)
  eden space 89600K, 100% used [0x00000000f5580000,0x00000000fad00000,0x00000000fad00000)
  from space 22016K, 11% used [0x00000000fc300000,0x00000000fc57dc70,0x00000000fd880000)
  to   space 22528K, 0% used [0x00000000fad00000,0x00000000fad00000,0x00000000fc300000)
 ParOldGen       total 121344K, used 61870K [0x00000000e0000000, 0x00000000e7680000, 0x00000000f5580000)
  object space 121344K, 50% used [0x00000000e0000000,0x00000000e3c6b9d8,0x00000000e7680000)
 Metaspace       used 91806K, capacity 99428K, committed 99672K, reserved 1136640K
  class space    used 10994K, capacity 13319K, committed 13440K, reserved 1048576K
Event: 658.669 GC heap after
Heap after GC invocations=29 (full 6):
 PSYoungGen      total 112128K, used 3727K [0x00000000f5580000, 0x00000000fda00000, 0x0000000100000000)
  eden space 89600K, 0% used [0x00000000f5580000,0x00000000f5580000,0x00000000fad00000)
  from space 22528K, 16% used [0x00000000fad00000,0x00000000fb0a3d38,0x00000000fc300000)
  to   space 22016K, 0% used [0x00000000fc480000,0x00000000fc480000,0x00000000fda00000)
 ParOldGen       total 121344K, used 61878K [0x00000000e0000000, 0x00000000e7680000, 0x00000000f5580000)
  object space 121344K, 50% used [0x00000000e0000000,0x00000000e3c6d9d8,0x00000000e7680000)
 Metaspace       used 91806K, capacity 99428K, committed 99672K, reserved 1136640K
  class space    used 10994K, capacity 13319K, committed 13440K, reserved 1048576K
}

